2021-02-25 20:51:20,133 - INFO: ====学生身份进行登录====
2021-02-25 20:51:20,466 - INFO: 往输入框--【登录页面_账号输入】--输入值成功
2021-02-25 20:51:20,628 - INFO: 往输入框--【登录页面_密码输入】--输入值成功
2021-02-25 20:51:20,758 - INFO: 点击元素--【登录页面_登录按钮】--成功
2021-02-25 20:51:21,766 - INFO: 点击元素--【首页_学生加入课程】--成功
2021-02-25 20:51:21,851 - INFO: 往输入框--【首页_学生输入加课码】--输入值成功
2021-02-25 20:51:21,973 - INFO: 点击元素--【首页_学生加入课程的加入按钮】--成功
2021-02-25 20:51:22,429 - INFO: 查找元素--【首页_查找课程】--成功
2021-02-25 20:51:37,693 - INFO: ====学生身份进行登录====
2021-02-25 20:51:37,953 - INFO: 往输入框--【登录页面_账号输入】--输入值成功
2021-02-25 20:51:38,147 - INFO: 往输入框--【登录页面_密码输入】--输入值成功
2021-02-25 20:51:38,272 - INFO: 点击元素--【登录页面_登录按钮】--成功
2021-02-25 20:51:39,215 - INFO: 点击元素--【首页_学生加入课程】--成功
2021-02-25 20:51:39,297 - INFO: 往输入框--【首页_学生输入加课码】--输入值成功
2021-02-25 20:51:39,400 - INFO: 点击元素--【首页_学生加入课程的加入按钮】--成功
2021-02-25 20:51:39,429 - INFO: 等待元素可见--【首页_加课失败的错误提示】--成功
2021-02-25 20:51:53,371 - INFO: ====学生身份进行登录====
2021-02-25 20:51:53,607 - INFO: 往输入框--【登录页面_账号输入】--输入值成功
2021-02-25 20:51:53,780 - INFO: 往输入框--【登录页面_密码输入】--输入值成功
2021-02-25 20:51:53,896 - INFO: 点击元素--【登录页面_登录按钮】--成功
2021-02-25 20:51:54,780 - INFO: 点击元素--【首页_学生加入课程】--成功
2021-02-25 20:51:54,843 - INFO: 往输入框--【首页_学生输入加课码】--输入值成功
2021-02-25 20:51:54,926 - INFO: 点击元素--【首页_学生加入课程的加入按钮】--成功
2021-02-25 20:51:55,472 - INFO: 等待元素可见--【首页_加课失败的错误提示】--成功
2021-02-25 20:52:09,758 - INFO: 往输入框--【登录页面_账号输入】--输入值成功
2021-02-25 20:52:09,953 - INFO: 往输入框--【登录页面_密码输入】--输入值成功
2021-02-25 20:52:10,085 - INFO: 点击元素--【登录页面_登录按钮】--成功
2021-02-25 20:52:10,889 - INFO: 查找元素--【首页_获取用户头像】--成功
2021-02-25 20:52:10,889 - INFO: 【登录成功的用例】————>执行通过
2021-02-25 20:52:18,625 - INFO: 往输入框--【登录页面_账号输入】--输入值成功
2021-02-25 20:52:18,776 - INFO: 往输入框--【登录页面_密码输入】--输入值成功
2021-02-25 20:52:18,896 - INFO: 点击元素--【登录页面_登录按钮】--成功
2021-02-25 20:52:18,941 - INFO: 查找元素--【登录页面_登录的错误提示】--成功
2021-02-25 20:52:19,977 - INFO: 对-【登录用例执行失败】--操作进行截图--成功
2021-02-25 20:52:19,978 - INFO: 图片保存为C:\project\python_35\py35_web_test\web_13day_project\error_images\2021-02-25_20_52_18_登录用例执行失败.png
2021-02-25 20:52:19,978 - ERROR: ————>执行失败
2021-02-25 20:52:19,978 - ERROR: assert '账号不能为空' == '账号不能为空66'
  - 账号不能为空66
  ?       --
  + 账号不能为空
Traceback (most recent call last):
  File "C:\project\python_35\py35_web_test\web_13day_project\testcases\test_login.py", line 83, in test_login_error
    assert res == case['expected']
AssertionError: assert '账号不能为空' == '账号不能为空66'
  - 账号不能为空66
  ?       --
  + 账号不能为空
2021-02-25 20:52:26,214 - INFO: 往输入框--【登录页面_账号输入】--输入值成功
2021-02-25 20:52:26,340 - INFO: 往输入框--【登录页面_密码输入】--输入值成功
2021-02-25 20:52:26,470 - INFO: 点击元素--【登录页面_登录按钮】--成功
2021-02-25 20:52:26,515 - INFO: 查找元素--【登录页面_登录的错误提示】--成功
2021-02-25 20:52:26,515 - INFO: ————>执行通过
2021-02-25 20:52:32,421 - INFO: ====老师身份进行登录====
2021-02-25 20:52:32,713 - INFO: 往输入框--【登录页面_账号输入】--输入值成功
2021-02-25 20:52:32,879 - INFO: 往输入框--【登录页面_密码输入】--输入值成功
2021-02-25 20:52:32,986 - INFO: 点击元素--【登录页面_登录按钮】--成功
2021-02-25 20:52:37,146 - INFO: ====学生身份进行登录====
2021-02-25 20:52:37,435 - INFO: 往输入框--【登录页面_账号输入】--输入值成功
2021-02-25 20:52:37,640 - INFO: 往输入框--【登录页面_密码输入】--输入值成功
2021-02-25 20:52:37,816 - INFO: 点击元素--【登录页面_登录按钮】--成功
2021-02-25 20:52:37,819 - INFO: =========测试考勤功能=======
2021-02-25 20:52:39,356 - INFO: 点击元素--【首页_点击课程】--成功
2021-02-25 20:52:40,443 - INFO: 点击元素--【课程页面_考勤按钮】--成功
2021-02-25 20:52:40,527 - INFO: 等待iframe可见并进行切换--【课程页面_考勤iframe】--成功
2021-02-25 20:52:41,375 - INFO: 点击元素--【课程页面_新建考勤标签】--成功
2021-02-25 20:52:56,850 - ERROR: 点击元素--【课程页面_数字考勤】--失败
2021-02-25 20:52:56,851 - ERROR: Message: element not interactable
  (Session info: chrome=88.0.4324.104)
Traceback (most recent call last):
  File "C:\project\python_35\py35_web_test\web_13day_project\common\base_page.py", line 94, in click_element
    self.driver.find_element(*loc).click()
  File "C:\python37\lib\site-packages\selenium\webdriver\remote\webelement.py", line 80, in click
    self._execute(Command.CLICK_ELEMENT)
  File "C:\python37\lib\site-packages\selenium\webdriver\remote\webelement.py", line 633, in _execute
    return self._parent.execute(command, params)
  File "C:\python37\lib\site-packages\selenium\webdriver\remote\webdriver.py", line 321, in execute
    self.error_handler.check_response(response)
  File "C:\python37\lib\site-packages\selenium\webdriver\remote\errorhandler.py", line 242, in check_response
    raise exception_class(message, screen, stacktrace)
selenium.common.exceptions.ElementNotInteractableException: Message: element not interactable
  (Session info: chrome=88.0.4324.104)

2021-02-25 20:52:57,241 - INFO: 对-【课程页面_数字考勤】--操作进行截图--成功
2021-02-25 20:52:57,242 - INFO: 图片保存为C:\project\python_35\py35_web_test\web_13day_project\error_images\2021-02-25_20_52_56_课程页面_数字考勤.png
2021-02-25 20:58:33,541 - INFO: ====学生身份进行登录====
2021-02-25 20:58:33,723 - INFO: 往输入框--【登录页面_账号输入】--输入值成功
2021-02-25 20:58:33,893 - INFO: 往输入框--【登录页面_密码输入】--输入值成功
2021-02-25 20:58:34,029 - INFO: 点击元素--【登录页面_登录按钮】--成功
2021-02-25 20:58:34,835 - INFO: 点击元素--【首页_学生加入课程】--成功
2021-02-25 20:58:34,906 - INFO: 往输入框--【首页_学生输入加课码】--输入值成功
2021-02-25 20:58:34,998 - INFO: 点击元素--【首页_学生加入课程的加入按钮】--成功
2021-02-25 20:58:35,527 - INFO: 查找元素--【首页_查找课程】--成功
2021-02-25 20:58:49,562 - INFO: ====学生身份进行登录====
2021-02-25 20:58:49,796 - INFO: 往输入框--【登录页面_账号输入】--输入值成功
2021-02-25 20:58:50,242 - INFO: 往输入框--【登录页面_密码输入】--输入值成功
2021-02-25 20:58:51,548 - INFO: 点击元素--【登录页面_登录按钮】--成功
2021-02-25 20:58:51,678 - INFO: 点击元素--【首页_学生加入课程】--成功
2021-02-25 20:58:51,759 - INFO: 往输入框--【首页_学生输入加课码】--输入值成功
2021-02-25 20:58:51,886 - INFO: 点击元素--【首页_学生加入课程的加入按钮】--成功
2021-02-25 20:58:51,958 - INFO: 等待元素可见--【首页_加课失败的错误提示】--成功
2021-02-25 20:59:06,128 - INFO: ====学生身份进行登录====
2021-02-25 20:59:06,357 - INFO: 往输入框--【登录页面_账号输入】--输入值成功
2021-02-25 20:59:06,618 - INFO: 往输入框--【登录页面_密码输入】--输入值成功
2021-02-25 20:59:06,765 - INFO: 点击元素--【登录页面_登录按钮】--成功
2021-02-25 20:59:07,753 - INFO: 点击元素--【首页_学生加入课程】--成功
2021-02-25 20:59:07,829 - INFO: 往输入框--【首页_学生输入加课码】--输入值成功
2021-02-25 20:59:07,950 - INFO: 点击元素--【首页_学生加入课程的加入按钮】--成功
2021-02-25 20:59:08,240 - INFO: 等待元素可见--【首页_加课失败的错误提示】--成功
2021-02-25 20:59:23,622 - INFO: 往输入框--【登录页面_账号输入】--输入值成功
2021-02-25 20:59:23,772 - INFO: 往输入框--【登录页面_密码输入】--输入值成功
2021-02-25 20:59:24,039 - INFO: 点击元素--【登录页面_登录按钮】--成功
2021-02-25 20:59:25,105 - INFO: 查找元素--【首页_获取用户头像】--成功
2021-02-25 20:59:25,105 - INFO: 【登录成功的用例】————>执行通过
2021-02-25 20:59:31,613 - INFO: 往输入框--【登录页面_账号输入】--输入值成功
2021-02-25 20:59:31,811 - INFO: 往输入框--【登录页面_密码输入】--输入值成功
2021-02-25 20:59:31,994 - INFO: 点击元素--【登录页面_登录按钮】--成功
2021-02-25 20:59:32,054 - INFO: 查找元素--【登录页面_登录的错误提示】--成功
2021-02-25 20:59:33,280 - INFO: 对-【登录用例执行失败】--操作进行截图--成功
2021-02-25 20:59:33,281 - INFO: 图片保存为C:\project\python_35\py35_web_test\web_13day_project\error_images\2021-02-25_20_59_32_登录用例执行失败.png
2021-02-25 20:59:33,281 - ERROR: ————>执行失败
2021-02-25 20:59:33,281 - ERROR: assert '账号不能为空' == '账号不能为空66'
  - 账号不能为空66
  ?       --
  + 账号不能为空
Traceback (most recent call last):
  File "C:\project\python_35\py35_web_test\web_13day_project\testcases\test_login.py", line 83, in test_login_error
    assert res == case['expected']
AssertionError: assert '账号不能为空' == '账号不能为空66'
  - 账号不能为空66
  ?       --
  + 账号不能为空
2021-02-25 20:59:40,905 - INFO: 往输入框--【登录页面_账号输入】--输入值成功
2021-02-25 20:59:41,168 - INFO: 往输入框--【登录页面_密码输入】--输入值成功
2021-02-25 20:59:41,351 - INFO: 点击元素--【登录页面_登录按钮】--成功
2021-02-25 20:59:41,397 - INFO: 查找元素--【登录页面_登录的错误提示】--成功
2021-02-25 20:59:41,397 - INFO: ————>执行通过
2021-02-25 20:59:47,237 - INFO: ====老师身份进行登录====
2021-02-25 20:59:47,548 - INFO: 往输入框--【登录页面_账号输入】--输入值成功
2021-02-25 20:59:47,754 - INFO: 往输入框--【登录页面_密码输入】--输入值成功
2021-02-25 20:59:47,889 - INFO: 点击元素--【登录页面_登录按钮】--成功
2021-02-25 20:59:53,124 - INFO: ====学生身份进行登录====
2021-02-25 20:59:53,307 - INFO: 往输入框--【登录页面_账号输入】--输入值成功
2021-02-25 20:59:53,501 - INFO: 往输入框--【登录页面_密码输入】--输入值成功
2021-02-25 20:59:53,696 - INFO: 点击元素--【登录页面_登录按钮】--成功
2021-02-25 20:59:53,698 - INFO: =========测试考勤功能=======
2021-02-25 20:59:55,213 - INFO: 点击元素--【首页_点击课程】--成功
2021-02-25 20:59:56,194 - INFO: 点击元素--【课程页面_考勤按钮】--成功
2021-02-25 20:59:56,303 - INFO: 等待iframe可见并进行切换--【课程页面_考勤iframe】--成功
2021-02-25 20:59:57,201 - INFO: 点击元素--【课程页面_新建考勤标签】--成功
2021-02-25 20:59:57,700 - INFO: 等待元素可见--【课程页面_数字考勤】--成功
2021-02-25 20:59:58,289 - INFO: 点击元素--【课程页面_数字考勤】--成功
2021-02-25 20:59:58,472 - INFO: 点击元素--【课程页面_开始考勤】--成功
2021-02-25 20:59:59,029 - INFO: 等待元素可见--【课程页面_考勤码数字】--成功
2021-02-25 20:59:59,042 - INFO: 查找元素--【课程页面_考勤码数字】--成功
2021-02-25 20:59:59,113 - INFO: 考勤开启成功，考勤码为:2554
2021-02-25 20:59:59,145 - INFO: 等待元素可见--【课程页面_已考勤人数】--成功
2021-02-25 20:59:59,172 - INFO: 查找元素--【课程页面_已考勤人数】--成功
2021-02-25 20:59:59,172 - INFO: 考勤之前，考勤人数为：:0
2021-02-25 20:59:59,427 - INFO: 点击元素--【首页_点击课程】--成功
2021-02-25 21:00:00,822 - INFO: 等待元素可见--【课程页面_立即签到】--成功
2021-02-25 21:00:01,523 - INFO: 点击元素--【课程页面_立即签到】--成功
2021-02-25 21:00:02,060 - INFO: 等待元素可见--【课程页面_考勤码输入框】--成功
2021-02-25 21:00:02,115 - INFO: 往输入框--【课程页面_考勤码输入框】--输入值成功
2021-02-25 21:00:05,135 - INFO: 等待元素可见--【课程页面_已考勤人数】--成功
2021-02-25 21:00:05,147 - INFO: 查找元素--【课程页面_已考勤人数】--成功
2021-02-25 21:00:05,147 - INFO: 考勤之后，考勤人数为：:1
2021-02-25 21:00:05,274 - INFO: 点击元素--【课程页面_结束考勤】--成功
2021-02-25 21:00:05,482 - INFO: 点击元素--【课程页面_弹框结束考勤】--成功
2021-02-25 21:00:05,482 - INFO: 【登录成功的用例】————>执行通过
2021-02-25 21:28:28,498 - INFO: ====学生身份进行登录====
2021-02-25 21:28:28,687 - INFO: 往输入框--【登录页面_账号输入】--输入值成功
2021-02-25 21:28:28,872 - INFO: 往输入框--【登录页面_密码输入】--输入值成功
2021-02-25 21:28:29,051 - INFO: 点击元素--【登录页面_登录按钮】--成功
2021-02-25 21:28:29,929 - INFO: 点击元素--【首页_学生加入课程】--成功
2021-02-25 21:28:30,009 - INFO: 往输入框--【首页_学生输入加课码】--输入值成功
2021-02-25 21:28:30,120 - INFO: 点击元素--【首页_学生加入课程的加入按钮】--成功
2021-02-25 21:28:30,611 - INFO: 查找元素--【首页_查找课程】--成功
2021-02-25 21:28:44,696 - INFO: ====学生身份进行登录====
2021-02-25 21:28:44,862 - INFO: 往输入框--【登录页面_账号输入】--输入值成功
2021-02-25 21:28:45,121 - INFO: 往输入框--【登录页面_密码输入】--输入值成功
2021-02-25 21:28:45,264 - INFO: 点击元素--【登录页面_登录按钮】--成功
2021-02-25 21:28:46,208 - INFO: 点击元素--【首页_学生加入课程】--成功
2021-02-25 21:28:46,266 - INFO: 往输入框--【首页_学生输入加课码】--输入值成功
2021-02-25 21:28:46,353 - INFO: 点击元素--【首页_学生加入课程的加入按钮】--成功
2021-02-25 21:28:46,391 - INFO: 等待元素可见--【首页_加课失败的错误提示】--成功
2021-02-25 21:28:48,785 - INFO: ————>执行通过
2021-02-25 21:29:00,062 - INFO: ====学生身份进行登录====
2021-02-25 21:29:00,317 - INFO: 往输入框--【登录页面_账号输入】--输入值成功
2021-02-25 21:29:00,479 - INFO: 往输入框--【登录页面_密码输入】--输入值成功
2021-02-25 21:29:00,599 - INFO: 点击元素--【登录页面_登录按钮】--成功
2021-02-25 21:29:01,402 - INFO: 点击元素--【首页_学生加入课程】--成功
2021-02-25 21:29:01,465 - INFO: 往输入框--【首页_学生输入加课码】--输入值成功
2021-02-25 21:29:01,585 - INFO: 点击元素--【首页_学生加入课程的加入按钮】--成功
2021-02-25 21:29:02,135 - INFO: 等待元素可见--【首页_加课失败的错误提示】--成功
2021-02-25 21:29:04,729 - INFO: ————>执行通过
2021-02-25 21:29:17,934 - INFO: 往输入框--【登录页面_账号输入】--输入值成功
2021-02-25 21:29:18,069 - INFO: 往输入框--【登录页面_密码输入】--输入值成功
2021-02-25 21:29:18,168 - INFO: 点击元素--【登录页面_登录按钮】--成功
2021-02-25 21:29:18,920 - INFO: 查找元素--【首页_获取用户头像】--成功
2021-02-25 21:29:18,920 - INFO: 【登录成功的用例】————>执行通过
2021-02-25 21:29:26,451 - INFO: 往输入框--【登录页面_账号输入】--输入值成功
2021-02-25 21:29:26,625 - INFO: 往输入框--【登录页面_密码输入】--输入值成功
2021-02-25 21:29:26,739 - INFO: 点击元素--【登录页面_登录按钮】--成功
2021-02-25 21:29:26,761 - INFO: 查找元素--【登录页面_登录的错误提示】--成功
2021-02-25 21:29:27,873 - INFO: 对-【登录用例执行失败】--操作进行截图--成功
2021-02-25 21:29:27,873 - INFO: 图片保存为C:\project\python_35\py35_web_test\web_13day_project\error_images\2021-02-25_21_29_26_登录用例执行失败.png
2021-02-25 21:29:27,874 - ERROR: ————>执行失败
2021-02-25 21:29:27,874 - ERROR: assert '账号不能为空' == '账号不能为空66'
  - 账号不能为空66
  ?       --
  + 账号不能为空
Traceback (most recent call last):
  File "C:\project\python_35\py35_web_test\web_13day_project\testcases\test_login.py", line 83, in test_login_error
    assert res == case['expected']
AssertionError: assert '账号不能为空' == '账号不能为空66'
  - 账号不能为空66
  ?       --
  + 账号不能为空
2021-02-25 21:29:34,832 - INFO: 往输入框--【登录页面_账号输入】--输入值成功
2021-02-25 21:29:35,000 - INFO: 往输入框--【登录页面_密码输入】--输入值成功
2021-02-25 21:29:35,115 - INFO: 点击元素--【登录页面_登录按钮】--成功
2021-02-25 21:29:35,175 - INFO: 查找元素--【登录页面_登录的错误提示】--成功
2021-02-25 21:29:35,175 - INFO: ————>执行通过
2021-02-25 21:29:41,357 - INFO: ====老师身份进行登录====
2021-02-25 21:29:41,574 - INFO: 往输入框--【登录页面_账号输入】--输入值成功
2021-02-25 21:29:41,709 - INFO: 往输入框--【登录页面_密码输入】--输入值成功
2021-02-25 21:29:41,832 - INFO: 点击元素--【登录页面_登录按钮】--成功
2021-02-25 21:29:41,833 - INFO: =========步骤一：老师开启考勤=======
2021-02-25 21:29:44,231 - INFO: 点击元素--【首页_点击课程】--成功
2021-02-25 21:29:45,226 - INFO: 点击元素--【课程页面_考勤按钮】--成功
2021-02-25 21:29:45,295 - INFO: 等待iframe可见并进行切换--【课程页面_考勤iframe】--成功
2021-02-25 21:29:46,574 - INFO: 点击元素--【课程页面_新建考勤标签】--成功
2021-02-25 21:29:46,867 - INFO: 等待元素可见--【课程页面_数字考勤】--成功
2021-02-25 21:29:47,173 - INFO: 点击元素--【课程页面_数字考勤】--成功
2021-02-25 21:29:47,331 - INFO: 点击元素--【课程页面_开始考勤】--成功
2021-02-25 21:29:47,906 - INFO: 等待元素可见--【课程页面_考勤码数字】--成功
2021-02-25 21:29:47,924 - INFO: 查找元素--【课程页面_考勤码数字】--成功
2021-02-25 21:29:47,974 - INFO: 考勤开启成功，考勤码为:0014
2021-02-25 21:29:48,001 - INFO: 等待元素可见--【课程页面_已考勤人数】--成功
2021-02-25 21:29:48,030 - INFO: 查找元素--【课程页面_已考勤人数】--成功
2021-02-25 21:29:48,030 - INFO: 考勤之前，考勤人数为：:0
2021-02-25 21:29:53,968 - INFO: ====学生身份进行登录====
2021-02-25 21:29:54,146 - INFO: 往输入框--【登录页面_账号输入】--输入值成功
2021-02-25 21:29:54,285 - INFO: 往输入框--【登录页面_密码输入】--输入值成功
2021-02-25 21:29:54,384 - INFO: 点击元素--【登录页面_登录按钮】--成功
2021-02-25 21:29:54,385 - INFO: =========步骤二：学生进行考勤=======
2021-02-25 21:29:55,954 - INFO: 点击元素--【首页_点击课程】--成功
2021-02-25 21:29:57,218 - INFO: 等待元素可见--【课程页面_立即签到】--成功
2021-02-25 21:29:57,982 - INFO: 点击元素--【课程页面_立即签到】--成功
2021-02-25 21:29:58,536 - INFO: 等待元素可见--【课程页面_考勤码输入框】--成功
2021-02-25 21:29:58,590 - INFO: 往输入框--【课程页面_考勤码输入框】--输入值成功
2021-02-25 21:30:04,501 - INFO: ====老师身份进行登录====
2021-02-25 21:30:04,761 - INFO: 往输入框--【登录页面_账号输入】--输入值成功
2021-02-25 21:30:04,996 - INFO: 往输入框--【登录页面_密码输入】--输入值成功
2021-02-25 21:30:05,127 - INFO: 点击元素--【登录页面_登录按钮】--成功
2021-02-25 21:30:05,127 - INFO: =========步骤三：校验考勤人数=======
2021-02-25 21:30:09,485 - INFO: 点击元素--【首页_点击课程】--成功
2021-02-25 21:30:10,295 - INFO: 点击元素--【课程页面_考勤按钮】--成功
2021-02-25 21:30:10,373 - INFO: 等待iframe可见并进行切换--【课程页面_考勤iframe】--成功
2021-02-25 21:30:20,688 - ERROR: 等待元素可见--【课程页面_已考勤人数】--失败
2021-02-25 21:30:20,688 - ERROR: Message: 
Traceback (most recent call last):
  File "C:\project\python_35\py35_web_test\web_13day_project\common\base_page.py", line 184, in wait_element_visibility
    EC.visibility_of_element_located(loc)
  File "C:\python37\lib\site-packages\selenium\webdriver\support\wait.py", line 80, in until
    raise TimeoutException(message, screen, stacktrace)
selenium.common.exceptions.TimeoutException: Message: 

2021-02-25 21:30:21,074 - INFO: 对-【课程页面_已考勤人数】--操作进行截图--成功
2021-02-25 21:30:21,074 - INFO: 图片保存为C:\project\python_35\py35_web_test\web_13day_project\error_images\2021-02-25_21_30_20_课程页面_已考勤人数.png
2021-02-25 21:36:21,770 - INFO: 往输入框--【登录页面_账号输入】--输入值成功
2021-02-25 21:36:21,982 - INFO: 往输入框--【登录页面_密码输入】--输入值成功
2021-02-25 21:36:22,109 - INFO: 点击元素--【登录页面_登录按钮】--成功
2021-02-25 21:36:22,892 - INFO: 查找元素--【首页_获取用户头像】--成功
2021-02-25 21:36:22,892 - INFO: 【登录成功的用例】————>执行通过
2021-02-25 21:36:28,842 - INFO: 往输入框--【登录页面_账号输入】--输入值成功
2021-02-25 21:36:28,981 - INFO: 往输入框--【登录页面_密码输入】--输入值成功
2021-02-25 21:36:29,136 - INFO: 点击元素--【登录页面_登录按钮】--成功
2021-02-25 21:36:29,174 - INFO: 查找元素--【登录页面_登录的错误提示】--成功
2021-02-25 21:36:30,231 - INFO: 对-【登录用例执行失败】--操作进行截图--成功
2021-02-25 21:36:30,232 - INFO: 图片保存为C:\project\python_35\py35_web_test\web_13day_project\error_images\2021-02-25_21_36_29_登录用例执行失败.png
2021-02-25 21:36:30,232 - ERROR: ————>执行失败
2021-02-25 21:36:30,232 - ERROR: assert '账号不能为空' == '账号不能为空66'
  - 账号不能为空66
  ?       --
  + 账号不能为空
Traceback (most recent call last):
  File "C:\project\python_35\py35_web_test\web_13day_project\testcases\test_login.py", line 85, in test_login_error
    assert res == case['expected']
AssertionError: assert '账号不能为空' == '账号不能为空66'
  - 账号不能为空66
  ?       --
  + 账号不能为空
2021-02-25 21:36:36,287 - INFO: 往输入框--【登录页面_账号输入】--输入值成功
2021-02-25 21:36:36,389 - INFO: 往输入框--【登录页面_密码输入】--输入值成功
2021-02-25 21:36:36,487 - INFO: 点击元素--【登录页面_登录按钮】--成功
2021-02-25 21:36:36,544 - INFO: 查找元素--【登录页面_登录的错误提示】--成功
2021-02-25 21:36:36,545 - INFO: ————>执行通过
2021-02-27 09:49:20,306 - INFO: ====学生身份进行登录====
2021-02-27 09:49:20,520 - INFO: 往输入框--【登录页面_账号输入】--输入值成功
2021-02-27 09:49:20,754 - INFO: 往输入框--【登录页面_密码输入】--输入值成功
2021-02-27 09:49:21,012 - INFO: 点击元素--【登录页面_登录按钮】--成功
2021-02-27 09:49:22,135 - INFO: 点击元素--【首页_学生加入课程】--成功
2021-02-27 09:49:22,230 - INFO: 往输入框--【首页_学生输入加课码】--输入值成功
2021-02-27 09:49:22,324 - INFO: 点击元素--【首页_学生加入课程的加入按钮】--成功
2021-02-27 09:49:22,725 - INFO: 查找元素--【首页_查找课程】--成功
2021-02-27 09:49:36,747 - INFO: ====学生身份进行登录====
2021-02-27 09:49:36,938 - INFO: 往输入框--【登录页面_账号输入】--输入值成功
2021-02-27 09:49:37,316 - INFO: 往输入框--【登录页面_密码输入】--输入值成功
2021-02-27 09:49:37,503 - INFO: 点击元素--【登录页面_登录按钮】--成功
2021-02-27 09:49:38,939 - INFO: 点击元素--【首页_学生加入课程】--成功
2021-02-27 09:49:39,097 - INFO: 往输入框--【首页_学生输入加课码】--输入值成功
2021-02-27 09:49:39,585 - INFO: 点击元素--【首页_学生加入课程的加入按钮】--成功
2021-02-27 09:49:39,662 - INFO: 等待元素可见--【首页_加课失败的错误提示】--成功
2021-02-27 09:49:42,763 - INFO: ————>执行通过
2021-02-27 09:49:55,819 - INFO: ====学生身份进行登录====
2021-02-27 09:49:55,969 - INFO: 往输入框--【登录页面_账号输入】--输入值成功
2021-02-27 09:49:56,227 - INFO: 往输入框--【登录页面_密码输入】--输入值成功
2021-02-27 09:49:56,512 - INFO: 点击元素--【登录页面_登录按钮】--成功
2021-02-27 09:49:57,525 - INFO: 点击元素--【首页_学生加入课程】--成功
2021-02-27 09:49:58,424 - INFO: 往输入框--【首页_学生输入加课码】--输入值成功
2021-02-27 09:49:58,670 - INFO: 点击元素--【首页_学生加入课程的加入按钮】--成功
2021-02-27 09:49:58,791 - INFO: 等待元素可见--【首页_加课失败的错误提示】--成功
2021-02-27 09:50:02,320 - INFO: ————>执行通过
2021-02-27 09:50:15,856 - INFO: ====老师身份进行登录====
2021-02-27 09:50:16,163 - INFO: 往输入框--【登录页面_账号输入】--输入值成功
2021-02-27 09:50:16,322 - INFO: 往输入框--【登录页面_密码输入】--输入值成功
2021-02-27 09:50:16,433 - INFO: 点击元素--【登录页面_登录按钮】--成功
2021-02-27 09:50:16,434 - INFO: =========步骤一：老师开启考勤=======
2021-02-27 09:50:19,355 - INFO: 点击元素--【首页_点击课程】--成功
2021-02-27 09:50:19,405 - INFO: 点击元素--【课程页面_考勤按钮】--成功
2021-02-27 09:50:50,473 - ERROR: 等待iframe可见并进行切换--【课程页面_考勤iframe】--失败
2021-02-27 09:50:50,473 - ERROR: Message: 
Traceback (most recent call last):
  File "C:\project\python_35\py35_web_test\web_13day_project\common\base_page.py", line 244, in switch_to_iframe_loc
    EC.frame_to_be_available_and_switch_to_it(loc)
  File "C:\python37\lib\site-packages\selenium\webdriver\support\wait.py", line 80, in until
    raise TimeoutException(message, screen, stacktrace)
selenium.common.exceptions.TimeoutException: Message: 

2021-02-27 09:50:51,621 - INFO: 对-【课程页面_考勤iframe】--操作进行截图--成功
2021-02-27 09:50:51,621 - INFO: 图片保存为C:\project\python_35\py35_web_test\web_13day_project\error_images\2021-02-27_09_50_50_课程页面_考勤iframe.png
2021-02-27 09:51:00,760 - INFO: ====学生身份进行登录====
2021-02-27 09:51:01,424 - INFO: 往输入框--【登录页面_账号输入】--输入值成功
2021-02-27 09:51:02,016 - INFO: 往输入框--【登录页面_密码输入】--输入值成功
2021-02-27 09:51:02,259 - INFO: 点击元素--【登录页面_登录按钮】--成功
2021-02-27 09:51:02,261 - INFO: =========步骤二：学生进行考勤=======
2021-02-27 09:51:05,815 - INFO: 点击元素--【首页_点击课程】--成功
2021-02-27 09:51:13,504 - INFO: ====老师身份进行登录====
2021-02-27 09:51:13,764 - INFO: 往输入框--【登录页面_账号输入】--输入值成功
2021-02-27 09:51:13,886 - INFO: 往输入框--【登录页面_密码输入】--输入值成功
2021-02-27 09:51:14,056 - INFO: 点击元素--【登录页面_登录按钮】--成功
2021-02-27 09:51:14,059 - INFO: =========步骤三：校验考勤人数=======
2021-02-27 09:51:18,765 - INFO: 点击元素--【首页_点击课程】--成功
2021-02-27 09:51:20,283 - INFO: 点击元素--【课程页面_考勤按钮】--成功
2021-02-27 09:51:21,745 - INFO: 等待iframe可见并进行切换--【课程页面_考勤iframe】--成功
2021-02-27 09:51:31,916 - ERROR: 等待元素可见--【课程页面_已考勤人数】--失败
2021-02-27 09:51:31,916 - ERROR: Message: 
Traceback (most recent call last):
  File "C:\project\python_35\py35_web_test\web_13day_project\common\base_page.py", line 184, in wait_element_visibility
    EC.visibility_of_element_located(loc)
  File "C:\python37\lib\site-packages\selenium\webdriver\support\wait.py", line 80, in until
    raise TimeoutException(message, screen, stacktrace)
selenium.common.exceptions.TimeoutException: Message: 

2021-02-27 09:51:32,416 - INFO: 对-【课程页面_已考勤人数】--操作进行截图--成功
2021-02-27 09:51:32,418 - INFO: 图片保存为C:\project\python_35\py35_web_test\web_13day_project\error_images\2021-02-27_09_51_31_课程页面_已考勤人数.png
2021-02-27 09:53:22,364 - INFO: ====学生身份进行登录====
2021-02-27 09:53:22,443 - INFO: 往输入框--【登录页面_账号输入】--输入值成功
2021-02-27 09:53:22,512 - INFO: 往输入框--【登录页面_密码输入】--输入值成功
2021-02-27 09:53:22,585 - INFO: 点击元素--【登录页面_登录按钮】--成功
2021-02-27 09:53:24,309 - ERROR: 点击元素--【首页_学生加入课程】--失败
2021-02-27 09:53:24,309 - ERROR: Message: element click intercepted: Element <div class="ktcon1l fr">...</div> is not clickable at point (718, 123). Other element would receive the click: <a id="user" href="javascript:;">...</a>
  (Session info: headless chrome=88.0.4324.104)
Traceback (most recent call last):
  File "C:\project\python_35\py35_web_test\web_13day_project\common\base_page.py", line 94, in click_element
    self.driver.find_element(*loc).click()
  File "C:\python37\lib\site-packages\selenium\webdriver\remote\webelement.py", line 80, in click
    self._execute(Command.CLICK_ELEMENT)
  File "C:\python37\lib\site-packages\selenium\webdriver\remote\webelement.py", line 633, in _execute
    return self._parent.execute(command, params)
  File "C:\python37\lib\site-packages\selenium\webdriver\remote\webdriver.py", line 321, in execute
    self.error_handler.check_response(response)
  File "C:\python37\lib\site-packages\selenium\webdriver\remote\errorhandler.py", line 242, in check_response
    raise exception_class(message, screen, stacktrace)
selenium.common.exceptions.ElementClickInterceptedException: Message: element click intercepted: Element <div class="ktcon1l fr">...</div> is not clickable at point (718, 123). Other element would receive the click: <a id="user" href="javascript:;">...</a>
  (Session info: headless chrome=88.0.4324.104)

2021-02-27 09:53:24,705 - INFO: 对-【首页_学生加入课程】--操作进行截图--成功
2021-02-27 09:53:24,706 - INFO: 图片保存为C:\project\python_35\py35_web_test\web_13day_project\error_images\2021-02-27_09_53_24_首页_学生加入课程.png
2021-02-27 09:53:29,110 - INFO: ====学生身份进行登录====
2021-02-27 09:53:29,195 - INFO: 往输入框--【登录页面_账号输入】--输入值成功
2021-02-27 09:53:29,267 - INFO: 往输入框--【登录页面_密码输入】--输入值成功
2021-02-27 09:53:29,358 - INFO: 点击元素--【登录页面_登录按钮】--成功
2021-02-27 09:53:31,233 - ERROR: 点击元素--【首页_学生加入课程】--失败
2021-02-27 09:53:31,234 - ERROR: Message: element click intercepted: Element <div class="ktcon1l fr">...</div> is not clickable at point (718, 123). Other element would receive the click: <a id="user" href="javascript:;">...</a>
  (Session info: headless chrome=88.0.4324.104)
Traceback (most recent call last):
  File "C:\project\python_35\py35_web_test\web_13day_project\common\base_page.py", line 94, in click_element
    self.driver.find_element(*loc).click()
  File "C:\python37\lib\site-packages\selenium\webdriver\remote\webelement.py", line 80, in click
    self._execute(Command.CLICK_ELEMENT)
  File "C:\python37\lib\site-packages\selenium\webdriver\remote\webelement.py", line 633, in _execute
    return self._parent.execute(command, params)
  File "C:\python37\lib\site-packages\selenium\webdriver\remote\webdriver.py", line 321, in execute
    self.error_handler.check_response(response)
  File "C:\python37\lib\site-packages\selenium\webdriver\remote\errorhandler.py", line 242, in check_response
    raise exception_class(message, screen, stacktrace)
selenium.common.exceptions.ElementClickInterceptedException: Message: element click intercepted: Element <div class="ktcon1l fr">...</div> is not clickable at point (718, 123). Other element would receive the click: <a id="user" href="javascript:;">...</a>
  (Session info: headless chrome=88.0.4324.104)

2021-02-27 09:53:31,522 - INFO: 对-【首页_学生加入课程】--操作进行截图--成功
2021-02-27 09:53:31,523 - INFO: 图片保存为C:\project\python_35\py35_web_test\web_13day_project\error_images\2021-02-27_09_53_31_首页_学生加入课程.png
2021-02-27 09:53:37,554 - INFO: ====学生身份进行登录====
2021-02-27 09:53:37,672 - INFO: 往输入框--【登录页面_账号输入】--输入值成功
2021-02-27 09:53:37,741 - INFO: 往输入框--【登录页面_密码输入】--输入值成功
2021-02-27 09:53:37,823 - INFO: 点击元素--【登录页面_登录按钮】--成功
2021-02-27 09:53:39,584 - ERROR: 点击元素--【首页_学生加入课程】--失败
2021-02-27 09:53:39,585 - ERROR: Message: element click intercepted: Element <div class="ktcon1l fr">...</div> is not clickable at point (718, 123). Other element would receive the click: <a id="user" href="javascript:;">...</a>
  (Session info: headless chrome=88.0.4324.104)
Traceback (most recent call last):
  File "C:\project\python_35\py35_web_test\web_13day_project\common\base_page.py", line 94, in click_element
    self.driver.find_element(*loc).click()
  File "C:\python37\lib\site-packages\selenium\webdriver\remote\webelement.py", line 80, in click
    self._execute(Command.CLICK_ELEMENT)
  File "C:\python37\lib\site-packages\selenium\webdriver\remote\webelement.py", line 633, in _execute
    return self._parent.execute(command, params)
  File "C:\python37\lib\site-packages\selenium\webdriver\remote\webdriver.py", line 321, in execute
    self.error_handler.check_response(response)
  File "C:\python37\lib\site-packages\selenium\webdriver\remote\errorhandler.py", line 242, in check_response
    raise exception_class(message, screen, stacktrace)
selenium.common.exceptions.ElementClickInterceptedException: Message: element click intercepted: Element <div class="ktcon1l fr">...</div> is not clickable at point (718, 123). Other element would receive the click: <a id="user" href="javascript:;">...</a>
  (Session info: headless chrome=88.0.4324.104)

2021-02-27 09:53:39,935 - INFO: 对-【首页_学生加入课程】--操作进行截图--成功
2021-02-27 09:53:39,935 - INFO: 图片保存为C:\project\python_35\py35_web_test\web_13day_project\error_images\2021-02-27_09_53_39_首页_学生加入课程.png
2021-02-27 09:53:43,996 - INFO: ====老师身份进行登录====
2021-02-27 09:53:44,091 - INFO: 往输入框--【登录页面_账号输入】--输入值成功
2021-02-27 09:53:44,156 - INFO: 往输入框--【登录页面_密码输入】--输入值成功
2021-02-27 09:53:44,251 - INFO: 点击元素--【登录页面_登录按钮】--成功
2021-02-27 09:53:44,253 - INFO: =========步骤一：老师开启考勤=======
2021-02-27 09:53:46,419 - INFO: 点击元素--【首页_点击课程】--成功
2021-02-27 09:54:01,437 - ERROR: 点击元素--【课程页面_考勤按钮】--失败
2021-02-27 09:54:01,438 - ERROR: Message: element not interactable
  (Session info: headless chrome=88.0.4324.104)
Traceback (most recent call last):
  File "C:\project\python_35\py35_web_test\web_13day_project\common\base_page.py", line 94, in click_element
    self.driver.find_element(*loc).click()
  File "C:\python37\lib\site-packages\selenium\webdriver\remote\webelement.py", line 80, in click
    self._execute(Command.CLICK_ELEMENT)
  File "C:\python37\lib\site-packages\selenium\webdriver\remote\webelement.py", line 633, in _execute
    return self._parent.execute(command, params)
  File "C:\python37\lib\site-packages\selenium\webdriver\remote\webdriver.py", line 321, in execute
    self.error_handler.check_response(response)
  File "C:\python37\lib\site-packages\selenium\webdriver\remote\errorhandler.py", line 242, in check_response
    raise exception_class(message, screen, stacktrace)
selenium.common.exceptions.ElementNotInteractableException: Message: element not interactable
  (Session info: headless chrome=88.0.4324.104)

2021-02-27 09:54:01,720 - INFO: 对-【课程页面_考勤按钮】--操作进行截图--成功
2021-02-27 09:54:01,720 - INFO: 图片保存为C:\project\python_35\py35_web_test\web_13day_project\error_images\2021-02-27_09_54_01_课程页面_考勤按钮.png
2021-02-27 09:54:06,143 - INFO: ====学生身份进行登录====
2021-02-27 09:54:06,251 - INFO: 往输入框--【登录页面_账号输入】--输入值成功
2021-02-27 09:54:06,356 - INFO: 往输入框--【登录页面_密码输入】--输入值成功
2021-02-27 09:54:06,447 - INFO: 点击元素--【登录页面_登录按钮】--成功
2021-02-27 09:54:06,448 - INFO: =========步骤二：学生进行考勤=======
2021-02-27 09:54:07,966 - INFO: 点击元素--【首页_点击课程】--成功
2021-02-27 09:54:13,689 - INFO: ====老师身份进行登录====
2021-02-27 09:54:13,783 - INFO: 往输入框--【登录页面_账号输入】--输入值成功
2021-02-27 09:54:13,873 - INFO: 往输入框--【登录页面_密码输入】--输入值成功
2021-02-27 09:54:13,953 - INFO: 点击元素--【登录页面_登录按钮】--成功
2021-02-27 09:54:13,954 - INFO: =========步骤三：校验考勤人数=======
2021-02-27 09:54:17,852 - INFO: 点击元素--【首页_点击课程】--成功
2021-02-27 09:54:32,934 - ERROR: 点击元素--【课程页面_考勤按钮】--失败
2021-02-27 09:54:32,934 - ERROR: Message: element not interactable
  (Session info: headless chrome=88.0.4324.104)
Traceback (most recent call last):
  File "C:\project\python_35\py35_web_test\web_13day_project\common\base_page.py", line 94, in click_element
    self.driver.find_element(*loc).click()
  File "C:\python37\lib\site-packages\selenium\webdriver\remote\webelement.py", line 80, in click
    self._execute(Command.CLICK_ELEMENT)
  File "C:\python37\lib\site-packages\selenium\webdriver\remote\webelement.py", line 633, in _execute
    return self._parent.execute(command, params)
  File "C:\python37\lib\site-packages\selenium\webdriver\remote\webdriver.py", line 321, in execute
    self.error_handler.check_response(response)
  File "C:\python37\lib\site-packages\selenium\webdriver\remote\errorhandler.py", line 242, in check_response
    raise exception_class(message, screen, stacktrace)
selenium.common.exceptions.ElementNotInteractableException: Message: element not interactable
  (Session info: headless chrome=88.0.4324.104)

2021-02-27 09:54:33,181 - INFO: 对-【课程页面_考勤按钮】--操作进行截图--成功
2021-02-27 09:54:33,182 - INFO: 图片保存为C:\project\python_35\py35_web_test\web_13day_project\error_images\2021-02-27_09_54_32_课程页面_考勤按钮.png
2021-02-27 09:59:35,330 - INFO: ====学生身份进行登录====
2021-02-27 09:59:35,449 - INFO: 往输入框--【登录页面_账号输入】--输入值成功
2021-02-27 09:59:35,517 - INFO: 往输入框--【登录页面_密码输入】--输入值成功
2021-02-27 09:59:35,594 - INFO: 点击元素--【登录页面_登录按钮】--成功
2021-02-27 09:59:37,307 - ERROR: 点击元素--【首页_学生加入课程】--失败
2021-02-27 09:59:37,307 - ERROR: Message: element click intercepted: Element <div class="ktcon1l fr">...</div> is not clickable at point (718, 123). Other element would receive the click: <a id="user" href="javascript:;">...</a>
  (Session info: headless chrome=88.0.4324.104)
Traceback (most recent call last):
  File "C:\project\python_35\py35_web_test\web_13day_project\common\base_page.py", line 94, in click_element
    self.driver.find_element(*loc).click()
  File "C:\python37\lib\site-packages\selenium\webdriver\remote\webelement.py", line 80, in click
    self._execute(Command.CLICK_ELEMENT)
  File "C:\python37\lib\site-packages\selenium\webdriver\remote\webelement.py", line 633, in _execute
    return self._parent.execute(command, params)
  File "C:\python37\lib\site-packages\selenium\webdriver\remote\webdriver.py", line 321, in execute
    self.error_handler.check_response(response)
  File "C:\python37\lib\site-packages\selenium\webdriver\remote\errorhandler.py", line 242, in check_response
    raise exception_class(message, screen, stacktrace)
selenium.common.exceptions.ElementClickInterceptedException: Message: element click intercepted: Element <div class="ktcon1l fr">...</div> is not clickable at point (718, 123). Other element would receive the click: <a id="user" href="javascript:;">...</a>
  (Session info: headless chrome=88.0.4324.104)

2021-02-27 09:59:37,635 - INFO: 对-【首页_学生加入课程】--操作进行截图--成功
2021-02-27 09:59:37,635 - INFO: 图片保存为C:\project\python_35\py35_web_test\web_13day_project\error_images\2021-02-27_09_59_37_首页_学生加入课程.png
2021-02-27 09:59:43,533 - INFO: ====学生身份进行登录====
2021-02-27 09:59:43,602 - INFO: 往输入框--【登录页面_账号输入】--输入值成功
2021-02-27 09:59:43,677 - INFO: 往输入框--【登录页面_密码输入】--输入值成功
2021-02-27 09:59:43,756 - INFO: 点击元素--【登录页面_登录按钮】--成功
2021-02-27 09:59:45,428 - ERROR: 点击元素--【首页_学生加入课程】--失败
2021-02-27 09:59:45,428 - ERROR: Message: element click intercepted: Element <div class="ktcon1l fr">...</div> is not clickable at point (718, 123). Other element would receive the click: <a id="user" href="javascript:;">...</a>
  (Session info: headless chrome=88.0.4324.104)
Traceback (most recent call last):
  File "C:\project\python_35\py35_web_test\web_13day_project\common\base_page.py", line 94, in click_element
    self.driver.find_element(*loc).click()
  File "C:\python37\lib\site-packages\selenium\webdriver\remote\webelement.py", line 80, in click
    self._execute(Command.CLICK_ELEMENT)
  File "C:\python37\lib\site-packages\selenium\webdriver\remote\webelement.py", line 633, in _execute
    return self._parent.execute(command, params)
  File "C:\python37\lib\site-packages\selenium\webdriver\remote\webdriver.py", line 321, in execute
    self.error_handler.check_response(response)
  File "C:\python37\lib\site-packages\selenium\webdriver\remote\errorhandler.py", line 242, in check_response
    raise exception_class(message, screen, stacktrace)
selenium.common.exceptions.ElementClickInterceptedException: Message: element click intercepted: Element <div class="ktcon1l fr">...</div> is not clickable at point (718, 123). Other element would receive the click: <a id="user" href="javascript:;">...</a>
  (Session info: headless chrome=88.0.4324.104)

2021-02-27 09:59:45,740 - INFO: 对-【首页_学生加入课程】--操作进行截图--成功
2021-02-27 09:59:45,741 - INFO: 图片保存为C:\project\python_35\py35_web_test\web_13day_project\error_images\2021-02-27_09_59_45_首页_学生加入课程.png
2021-02-27 10:02:37,478 - INFO: ====学生身份进行登录====
2021-02-27 10:02:37,554 - INFO: 往输入框--【登录页面_账号输入】--输入值成功
2021-02-27 10:02:37,618 - INFO: 往输入框--【登录页面_密码输入】--输入值成功
2021-02-27 10:02:37,677 - INFO: 点击元素--【登录页面_登录按钮】--成功
2021-02-27 10:02:38,376 - INFO: 点击元素--【首页_学生加入课程】--成功
2021-02-27 10:02:38,414 - INFO: 往输入框--【首页_学生输入加课码】--输入值成功
2021-02-27 10:02:38,472 - INFO: 点击元素--【首页_学生加入课程的加入按钮】--成功
2021-02-27 10:02:38,915 - INFO: 查找元素--【首页_查找课程】--成功
2021-02-27 10:02:52,710 - INFO: ====学生身份进行登录====
2021-02-27 10:02:52,801 - INFO: 往输入框--【登录页面_账号输入】--输入值成功
2021-02-27 10:02:52,858 - INFO: 往输入框--【登录页面_密码输入】--输入值成功
2021-02-27 10:02:52,936 - INFO: 点击元素--【登录页面_登录按钮】--成功
2021-02-27 10:02:53,701 - INFO: 点击元素--【首页_学生加入课程】--成功
2021-02-27 10:02:53,760 - INFO: 往输入框--【首页_学生输入加课码】--输入值成功
2021-02-27 10:02:53,824 - INFO: 点击元素--【首页_学生加入课程的加入按钮】--成功
2021-02-27 10:02:53,858 - INFO: 等待元素可见--【首页_加课失败的错误提示】--成功
2021-02-27 10:02:55,979 - INFO: ————>执行通过
2021-02-27 10:03:07,813 - INFO: ====学生身份进行登录====
2021-02-27 10:03:07,940 - INFO: 往输入框--【登录页面_账号输入】--输入值成功
2021-02-27 10:03:08,025 - INFO: 往输入框--【登录页面_密码输入】--输入值成功
2021-02-27 10:03:08,088 - INFO: 点击元素--【登录页面_登录按钮】--成功
2021-02-27 10:03:08,996 - INFO: 点击元素--【首页_学生加入课程】--成功
2021-02-27 10:03:09,063 - INFO: 往输入框--【首页_学生输入加课码】--输入值成功
2021-02-27 10:03:09,134 - INFO: 点击元素--【首页_学生加入课程的加入按钮】--成功
2021-02-27 10:03:09,475 - INFO: 等待元素可见--【首页_加课失败的错误提示】--成功
2021-02-27 10:03:11,668 - INFO: ————>执行通过
2021-02-27 10:03:23,411 - INFO: ====老师身份进行登录====
2021-02-27 10:03:23,498 - INFO: 往输入框--【登录页面_账号输入】--输入值成功
2021-02-27 10:03:23,564 - INFO: 往输入框--【登录页面_密码输入】--输入值成功
2021-02-27 10:03:23,643 - INFO: 点击元素--【登录页面_登录按钮】--成功
2021-02-27 10:03:23,645 - INFO: =========步骤一：老师开启考勤=======
2021-02-27 10:03:26,045 - INFO: 点击元素--【首页_点击课程】--成功
2021-02-27 10:03:27,229 - INFO: 点击元素--【课程页面_考勤按钮】--成功
2021-02-27 10:03:27,281 - INFO: 等待iframe可见并进行切换--【课程页面_考勤iframe】--成功
2021-02-27 10:03:28,745 - INFO: 点击元素--【课程页面_新建考勤标签】--成功
2021-02-27 10:03:29,009 - INFO: 等待元素可见--【课程页面_数字考勤】--成功
2021-02-27 10:03:29,225 - INFO: 点击元素--【课程页面_数字考勤】--成功
2021-02-27 10:03:29,396 - INFO: 点击元素--【课程页面_开始考勤】--成功
2021-02-27 10:03:30,004 - INFO: 等待元素可见--【课程页面_考勤码数字】--成功
2021-02-27 10:03:30,017 - INFO: 查找元素--【课程页面_考勤码数字】--成功
2021-02-27 10:03:30,094 - INFO: 考勤开启成功，考勤码为:8785
2021-02-27 10:03:30,114 - INFO: 等待元素可见--【课程页面_已考勤人数】--成功
2021-02-27 10:03:30,149 - INFO: 查找元素--【课程页面_已考勤人数】--成功
2021-02-27 10:03:30,150 - INFO: 考勤之前，考勤人数为：:0
2021-02-27 10:03:36,261 - INFO: ====学生身份进行登录====
2021-02-27 10:03:36,353 - INFO: 往输入框--【登录页面_账号输入】--输入值成功
2021-02-27 10:03:36,445 - INFO: 往输入框--【登录页面_密码输入】--输入值成功
2021-02-27 10:03:36,523 - INFO: 点击元素--【登录页面_登录按钮】--成功
2021-02-27 10:03:36,525 - INFO: =========步骤二：学生进行考勤=======
2021-02-27 10:03:38,000 - INFO: 点击元素--【首页_点击课程】--成功
2021-02-27 10:03:39,047 - INFO: 等待元素可见--【课程页面_立即签到】--成功
2021-02-27 10:03:39,721 - INFO: 点击元素--【课程页面_立即签到】--成功
2021-02-27 10:03:40,323 - INFO: 等待元素可见--【课程页面_考勤码输入框】--成功
2021-02-27 10:03:40,393 - INFO: 往输入框--【课程页面_考勤码输入框】--输入值成功
2021-02-27 10:03:46,096 - INFO: ====老师身份进行登录====
2021-02-27 10:03:46,193 - INFO: 往输入框--【登录页面_账号输入】--输入值成功
2021-02-27 10:03:46,267 - INFO: 往输入框--【登录页面_密码输入】--输入值成功
2021-02-27 10:03:46,344 - INFO: 点击元素--【登录页面_登录按钮】--成功
2021-02-27 10:03:46,348 - INFO: =========步骤三：校验考勤人数=======
2021-02-27 10:03:50,233 - INFO: 点击元素--【首页_点击课程】--成功
2021-02-27 10:03:50,874 - INFO: 点击元素--【课程页面_考勤按钮】--成功
2021-02-27 10:03:50,951 - INFO: 等待iframe可见并进行切换--【课程页面_考勤iframe】--成功
2021-02-27 10:03:52,309 - INFO: 等待元素可见--【课程页面_已考勤人数】--成功
2021-02-27 10:03:52,692 - INFO: 查找元素--【课程页面_已考勤人数】--成功
2021-02-27 10:03:52,693 - INFO: 考勤之后，考勤人数为：:1
2021-02-27 10:03:53,107 - INFO: 点击元素--【课程页面_结束考勤】--成功
2021-02-27 10:03:53,340 - INFO: 点击元素--【课程页面_弹框结束考勤】--成功
2021-02-27 10:03:53,341 - INFO: 【登录成功的用例】————>执行通过
